{"C:\\Users\\hamid\\OneDrive\\Documents\\GitHub\\mr-goudarzi-amlak-1\\app.js": {"path":"C:\\Users\\hamid\\OneDrive\\Documents\\GitHub\\mr-goudarzi-amlak-1\\app.js","statementMap":{"0":{"start":{"line":1,"column":15},"end":{"line":1,"column":33}},"1":{"start":{"line":2,"column":20},"end":{"line":2,"column":51}},"2":{"start":{"line":3,"column":11},"end":{"line":3,"column":20}},"3":{"start":{"line":4,"column":17},"end":{"line":4,"column":36}},"4":{"start":{"line":5,"column":19},"end":{"line":5,"column":41}},"5":{"start":{"line":6,"column":11},"end":{"line":6,"column":26}},"6":{"start":{"line":7,"column":13},"end":{"line":7,"column":28}},"7":{"start":{"line":8,"column":15},"end":{"line":8,"column":56}},"8":{"start":{"line":9,"column":15},"end":{"line":9,"column":32}},"9":{"start":{"line":10,"column":11},"end":{"line":10,"column":24}},"10":{"start":{"line":13,"column":0},"end":{"line":13,"column":15}},"11":{"start":{"line":15,"column":0},"end":{"line":15,"column":105}},"12":{"start":{"line":18,"column":0},"end":{"line":18,"column":26}},"13":{"start":{"line":19,"column":0},"end":{"line":19,"column":26}},"14":{"start":{"line":20,"column":0},"end":{"line":20,"column":51}},"15":{"start":{"line":22,"column":0},"end":{"line":23,"column":44}},"16":{"start":{"line":23,"column":14},"end":{"line":23,"column":42}},"17":{"start":{"line":26,"column":22},"end":{"line":27,"column":16}},"18":{"start":{"line":30,"column":0},"end":{"line":30,"column":57}},"19":{"start":{"line":31,"column":0},"end":{"line":31,"column":21}},"20":{"start":{"line":34,"column":0},"end":{"line":34,"column":21}}},"fnMap":{"0":{"name":"(anonymous_0)","decl":{"start":{"line":23,"column":8},"end":{"line":23,"column":9}},"loc":{"start":{"line":23,"column":14},"end":{"line":23,"column":42}},"line":23}},"branchMap":{},"s":{"0":1,"1":1,"2":1,"3":1,"4":1,"5":1,"6":1,"7":1,"8":1,"9":1,"10":1,"11":1,"12":1,"13":1,"14":1,"15":1,"16":0,"17":1,"18":1,"19":1,"20":1},"f":{"0":0},"b":{},"_coverageSchema":"1a1c01bbd47fc00a2c39e90264f33305004495a9","hash":"ac972bee4f7af2324c3b0b7f6e2c114cd9ddfd6b"}
,"C:\\Users\\hamid\\OneDrive\\Documents\\GitHub\\mr-goudarzi-amlak-1\\controllers\\authController.js": {"path":"C:\\Users\\hamid\\OneDrive\\Documents\\GitHub\\mr-goudarzi-amlak-1\\controllers\\authController.js","statementMap":{"0":{"start":{"line":1,"column":15},"end":{"line":1,"column":32}},"1":{"start":{"line":2,"column":13},"end":{"line":2,"column":38}},"2":{"start":{"line":3,"column":12},"end":{"line":3,"column":35}},"3":{"start":{"line":4,"column":23},"end":{"line":4,"column":58}},"4":{"start":{"line":6,"column":19},"end":{"line":6,"column":21}},"5":{"start":{"line":8,"column":14},"end":{"line":41,"column":1}},"6":{"start":{"line":9,"column":2},"end":{"line":40,"column":3}},"7":{"start":{"line":10,"column":32},"end":{"line":10,"column":40}},"8":{"start":{"line":12,"column":17},"end":{"line":12,"column":46}},"9":{"start":{"line":14,"column":4},"end":{"line":36,"column":5}},"10":{"start":{"line":15,"column":25},"end":{"line":15,"column":70}},"11":{"start":{"line":16,"column":6},"end":{"line":33,"column":7}},"12":{"start":{"line":17,"column":22},"end":{"line":21,"column":9}},"13":{"start":{"line":23,"column":8},"end":{"line":32,"column":11}},"14":{"start":{"line":34,"column":6},"end":{"line":34,"column":57}},"15":{"start":{"line":35,"column":6},"end":{"line":35,"column":86}},"16":{"start":{"line":37,"column":4},"end":{"line":37,"column":84}},"17":{"start":{"line":39,"column":4},"end":{"line":39,"column":69}},"18":{"start":{"line":43,"column":16},"end":{"line":71,"column":1}},"19":{"start":{"line":49,"column":2},"end":{"line":70,"column":3}},"20":{"start":{"line":50,"column":53},"end":{"line":50,"column":61}},"21":{"start":{"line":52,"column":17},"end":{"line":52,"column":46}},"22":{"start":{"line":53,"column":4},"end":{"line":55,"column":5}},"23":{"start":{"line":54,"column":6},"end":{"line":54,"column":77}},"24":{"start":{"line":57,"column":25},"end":{"line":57,"column":64}},"25":{"start":{"line":59,"column":20},"end":{"line":64,"column":6}},"26":{"start":{"line":65,"column":4},"end":{"line":65,"column":25}},"27":{"start":{"line":66,"column":4},"end":{"line":66,"column":61}},"28":{"start":{"line":68,"column":4},"end":{"line":68,"column":31}},"29":{"start":{"line":69,"column":4},"end":{"line":69,"column":69}},"30":{"start":{"line":73,"column":15},"end":{"line":82,"column":1}},"31":{"start":{"line":74,"column":2},"end":{"line":81,"column":3}},"32":{"start":{"line":75,"column":28},"end":{"line":75,"column":53}},"33":{"start":{"line":76,"column":19},"end":{"line":76,"column":43}},"34":{"start":{"line":77,"column":4},"end":{"line":77,"column":43}},"35":{"start":{"line":78,"column":4},"end":{"line":78,"column":63}},"36":{"start":{"line":80,"column":4},"end":{"line":80,"column":69}},"37":{"start":{"line":132,"column":0},"end":{"line":132,"column":44}}},"fnMap":{"0":{"name":"(anonymous_0)","decl":{"start":{"line":8,"column":14},"end":{"line":8,"column":15}},"loc":{"start":{"line":8,"column":34},"end":{"line":41,"column":1}},"line":8},"1":{"name":"(anonymous_1)","decl":{"start":{"line":43,"column":16},"end":{"line":43,"column":17}},"loc":{"start":{"line":43,"column":36},"end":{"line":71,"column":1}},"line":43},"2":{"name":"(anonymous_2)","decl":{"start":{"line":73,"column":15},"end":{"line":73,"column":16}},"loc":{"start":{"line":73,"column":35},"end":{"line":82,"column":1}},"line":73}},"branchMap":{"0":{"loc":{"start":{"line":14,"column":4},"end":{"line":36,"column":5}},"type":"if","locations":[{"start":{"line":14,"column":4},"end":{"line":36,"column":5}},{"start":{},"end":{}}],"line":14},"1":{"loc":{"start":{"line":16,"column":6},"end":{"line":33,"column":7}},"type":"if","locations":[{"start":{"line":16,"column":6},"end":{"line":33,"column":7}},{"start":{},"end":{}}],"line":16},"2":{"loc":{"start":{"line":53,"column":4},"end":{"line":55,"column":5}},"type":"if","locations":[{"start":{"line":53,"column":4},"end":{"line":55,"column":5}},{"start":{},"end":{}}],"line":53}},"s":{"0":1,"1":1,"2":1,"3":1,"4":1,"5":1,"6":0,"7":0,"8":0,"9":0,"10":0,"11":0,"12":0,"13":0,"14":0,"15":0,"16":0,"17":0,"18":1,"19":0,"20":0,"21":0,"22":0,"23":0,"24":0,"25":0,"26":0,"27":0,"28":0,"29":0,"30":1,"31":0,"32":0,"33":0,"34":0,"35":0,"36":0,"37":1},"f":{"0":0,"1":0,"2":0},"b":{"0":[0,0],"1":[0,0],"2":[0,0]},"_coverageSchema":"1a1c01bbd47fc00a2c39e90264f33305004495a9","hash":"37a2d93c8dc606617d93fea033331b8331ef1103"}
,"C:\\Users\\hamid\\OneDrive\\Documents\\GitHub\\mr-goudarzi-amlak-1\\controllers\\indexController.js": {"path":"C:\\Users\\hamid\\OneDrive\\Documents\\GitHub\\mr-goudarzi-amlak-1\\controllers\\indexController.js","statementMap":{"0":{"start":{"line":1,"column":16},"end":{"line":3,"column":1}},"1":{"start":{"line":2,"column":4},"end":{"line":2,"column":38}},"2":{"start":{"line":4,"column":13},"end":{"line":6,"column":1}},"3":{"start":{"line":5,"column":4},"end":{"line":5,"column":33}},"4":{"start":{"line":9,"column":0},"end":{"line":9,"column":32}}},"fnMap":{"0":{"name":"(anonymous_0)","decl":{"start":{"line":1,"column":16},"end":{"line":1,"column":17}},"loc":{"start":{"line":1,"column":28},"end":{"line":3,"column":1}},"line":1},"1":{"name":"(anonymous_1)","decl":{"start":{"line":4,"column":13},"end":{"line":4,"column":14}},"loc":{"start":{"line":4,"column":25},"end":{"line":6,"column":1}},"line":4}},"branchMap":{},"s":{"0":1,"1":0,"2":1,"3":0,"4":1},"f":{"0":0,"1":0},"b":{},"_coverageSchema":"1a1c01bbd47fc00a2c39e90264f33305004495a9","hash":"b36b0ce9ccd0deeae0fb505faaffa9847f9dcbf9"}
,"C:\\Users\\hamid\\OneDrive\\Documents\\GitHub\\mr-goudarzi-amlak-1\\controllers\\propertyController.js": {"path":"C:\\Users\\hamid\\OneDrive\\Documents\\GitHub\\mr-goudarzi-amlak-1\\controllers\\propertyController.js","statementMap":{"0":{"start":{"line":1,"column":17},"end":{"line":1,"column":46}},"1":{"start":{"line":2,"column":23},"end":{"line":2,"column":58}},"2":{"start":{"line":3,"column":24},"end":{"line":3,"column":60}},"3":{"start":{"line":5,"column":25},"end":{"line":15,"column":1}},"4":{"start":{"line":6,"column":2},"end":{"line":14,"column":3}},"5":{"start":{"line":7,"column":26},"end":{"line":7,"column":47}},"6":{"start":{"line":9,"column":4},"end":{"line":9,"column":40}},"7":{"start":{"line":10,"column":4},"end":{"line":10,"column":31}},"8":{"start":{"line":12,"column":4},"end":{"line":12,"column":25}},"9":{"start":{"line":13,"column":4},"end":{"line":13,"column":61}},"10":{"start":{"line":18,"column":23},"end":{"line":90,"column":1}},"11":{"start":{"line":19,"column":2},"end":{"line":89,"column":3}},"12":{"start":{"line":39,"column":8},"end":{"line":39,"column":16}},"13":{"start":{"line":42,"column":4},"end":{"line":61,"column":5}},"14":{"start":{"line":43,"column":7},"end":{"line":60,"column":9}},"15":{"start":{"line":63,"column":4},"end":{"line":80,"column":4}},"16":{"start":{"line":64,"column":6},"end":{"line":79,"column":8}},"17":{"start":{"line":83,"column":26},"end":{"line":83,"column":50}},"18":{"start":{"line":85,"column":4},"end":{"line":85,"column":40}},"19":{"start":{"line":87,"column":4},"end":{"line":87,"column":25}},"20":{"start":{"line":88,"column":4},"end":{"line":88,"column":61}},"21":{"start":{"line":92,"column":0},"end":{"line":92,"column":54}}},"fnMap":{"0":{"name":"(anonymous_0)","decl":{"start":{"line":5,"column":25},"end":{"line":5,"column":26}},"loc":{"start":{"line":5,"column":45},"end":{"line":15,"column":1}},"line":5},"1":{"name":"(anonymous_1)","decl":{"start":{"line":18,"column":23},"end":{"line":18,"column":24}},"loc":{"start":{"line":18,"column":43},"end":{"line":90,"column":1}},"line":18}},"branchMap":{"0":{"loc":{"start":{"line":42,"column":4},"end":{"line":61,"column":5}},"type":"if","locations":[{"start":{"line":42,"column":4},"end":{"line":61,"column":5}},{"start":{},"end":{}}],"line":42},"1":{"loc":{"start":{"line":63,"column":4},"end":{"line":80,"column":4}},"type":"if","locations":[{"start":{"line":63,"column":4},"end":{"line":80,"column":4}},{"start":{},"end":{}}],"line":63}},"s":{"0":1,"1":1,"2":1,"3":1,"4":0,"5":0,"6":0,"7":0,"8":0,"9":0,"10":1,"11":0,"12":0,"13":0,"14":0,"15":0,"16":0,"17":0,"18":0,"19":0,"20":0,"21":1},"f":{"0":0,"1":0},"b":{"0":[0,0],"1":[0,0]},"_coverageSchema":"1a1c01bbd47fc00a2c39e90264f33305004495a9","hash":"f654735cae90b8b083d71c1636af08e9383b3463"}
,"C:\\Users\\hamid\\OneDrive\\Documents\\GitHub\\mr-goudarzi-amlak-1\\controllers\\userController.js": {"path":"C:\\Users\\hamid\\OneDrive\\Documents\\GitHub\\mr-goudarzi-amlak-1\\controllers\\userController.js","statementMap":{"0":{"start":{"line":1,"column":13},"end":{"line":1,"column":38}},"1":{"start":{"line":3,"column":20},"end":{"line":12,"column":1}},"2":{"start":{"line":4,"column":2},"end":{"line":11,"column":3}},"3":{"start":{"line":5,"column":21},"end":{"line":5,"column":38}},"4":{"start":{"line":7,"column":4},"end":{"line":7,"column":35}},"5":{"start":{"line":9,"column":4},"end":{"line":9,"column":25}},"6":{"start":{"line":10,"column":4},"end":{"line":10,"column":61}},"7":{"start":{"line":60,"column":0},"end":{"line":62,"column":19}}},"fnMap":{"0":{"name":"(anonymous_0)","decl":{"start":{"line":3,"column":20},"end":{"line":3,"column":21}},"loc":{"start":{"line":3,"column":40},"end":{"line":12,"column":1}},"line":3}},"branchMap":{},"s":{"0":1,"1":1,"2":0,"3":0,"4":0,"5":0,"6":0,"7":1},"f":{"0":0},"b":{},"_coverageSchema":"1a1c01bbd47fc00a2c39e90264f33305004495a9","hash":"f435029f0e9d753afd12ea3ac27e5b32f00fc6f4"}
,"C:\\Users\\hamid\\OneDrive\\Documents\\GitHub\\mr-goudarzi-amlak-1\\middlewares\\authMiddleware.js": {"path":"C:\\Users\\hamid\\OneDrive\\Documents\\GitHub\\mr-goudarzi-amlak-1\\middlewares\\authMiddleware.js","statementMap":{"0":{"start":{"line":1,"column":12},"end":{"line":1,"column":35}},"1":{"start":{"line":2,"column":23},"end":{"line":2,"column":58}},"2":{"start":{"line":4,"column":17},"end":{"line":28,"column":1}},"3":{"start":{"line":5,"column":26},"end":{"line":5,"column":51}},"4":{"start":{"line":8,"column":16},"end":{"line":8,"column":40}},"5":{"start":{"line":10,"column":2},"end":{"line":12,"column":3}},"6":{"start":{"line":11,"column":4},"end":{"line":11,"column":70}},"7":{"start":{"line":13,"column":25},"end":{"line":13,"column":64}},"8":{"start":{"line":15,"column":2},"end":{"line":17,"column":3}},"9":{"start":{"line":16,"column":4},"end":{"line":16,"column":62}},"10":{"start":{"line":19,"column":2},"end":{"line":27,"column":3}},"11":{"start":{"line":21,"column":21},"end":{"line":21,"column":62}},"12":{"start":{"line":23,"column":4},"end":{"line":23,"column":24}},"13":{"start":{"line":24,"column":4},"end":{"line":24,"column":11}},"14":{"start":{"line":26,"column":4},"end":{"line":26,"column":62}},"15":{"start":{"line":31,"column":16},"end":{"line":37,"column":1}},"16":{"start":{"line":32,"column":15},"end":{"line":32,"column":28}},"17":{"start":{"line":33,"column":2},"end":{"line":35,"column":3}},"18":{"start":{"line":34,"column":4},"end":{"line":34,"column":66}},"19":{"start":{"line":36,"column":2},"end":{"line":36,"column":9}},"20":{"start":{"line":39,"column":0},"end":{"line":39,"column":39}}},"fnMap":{"0":{"name":"(anonymous_0)","decl":{"start":{"line":4,"column":17},"end":{"line":4,"column":18}},"loc":{"start":{"line":4,"column":43},"end":{"line":28,"column":1}},"line":4},"1":{"name":"(anonymous_1)","decl":{"start":{"line":31,"column":16},"end":{"line":31,"column":17}},"loc":{"start":{"line":31,"column":42},"end":{"line":37,"column":1}},"line":31}},"branchMap":{"0":{"loc":{"start":{"line":10,"column":2},"end":{"line":12,"column":3}},"type":"if","locations":[{"start":{"line":10,"column":2},"end":{"line":12,"column":3}},{"start":{},"end":{}}],"line":10},"1":{"loc":{"start":{"line":15,"column":2},"end":{"line":17,"column":3}},"type":"if","locations":[{"start":{"line":15,"column":2},"end":{"line":17,"column":3}},{"start":{},"end":{}}],"line":15},"2":{"loc":{"start":{"line":33,"column":2},"end":{"line":35,"column":3}},"type":"if","locations":[{"start":{"line":33,"column":2},"end":{"line":35,"column":3}},{"start":{},"end":{}}],"line":33}},"s":{"0":1,"1":1,"2":1,"3":0,"4":0,"5":0,"6":0,"7":0,"8":0,"9":0,"10":0,"11":0,"12":0,"13":0,"14":0,"15":1,"16":0,"17":0,"18":0,"19":0,"20":1},"f":{"0":0,"1":0},"b":{"0":[0,0],"1":[0,0],"2":[0,0]},"_coverageSchema":"1a1c01bbd47fc00a2c39e90264f33305004495a9","hash":"cf4659cb193dd7bb0249607b0d08e9f1d61e2184"}
,"C:\\Users\\hamid\\OneDrive\\Documents\\GitHub\\mr-goudarzi-amlak-1\\middlewares\\loggerMiddleware.js": {"path":"C:\\Users\\hamid\\OneDrive\\Documents\\GitHub\\mr-goudarzi-amlak-1\\middlewares\\loggerMiddleware.js","statementMap":{"0":{"start":{"line":1,"column":13},"end":{"line":1,"column":30}},"1":{"start":{"line":2,"column":15},"end":{"line":21,"column":1}},"2":{"start":{"line":19,"column":4},"end":{"line":19,"column":23}},"3":{"start":{"line":20,"column":4},"end":{"line":20,"column":11}},"4":{"start":{"line":23,"column":0},"end":{"line":23,"column":24}}},"fnMap":{"0":{"name":"(anonymous_0)","decl":{"start":{"line":2,"column":15},"end":{"line":2,"column":16}},"loc":{"start":{"line":2,"column":41},"end":{"line":21,"column":1}},"line":2}},"branchMap":{},"s":{"0":1,"1":1,"2":0,"3":0,"4":1},"f":{"0":0},"b":{},"_coverageSchema":"1a1c01bbd47fc00a2c39e90264f33305004495a9","hash":"0452fe6c0be41fbd6006c553f00be30fe8b407a9"}
,"C:\\Users\\hamid\\OneDrive\\Documents\\GitHub\\mr-goudarzi-amlak-1\\middlewares\\uploadMiddleware.js": {"path":"C:\\Users\\hamid\\OneDrive\\Documents\\GitHub\\mr-goudarzi-amlak-1\\middlewares\\uploadMiddleware.js","statementMap":{"0":{"start":{"line":1,"column":16},"end":{"line":1,"column":33}},"1":{"start":{"line":5,"column":16},"end":{"line":12,"column":2}},"2":{"start":{"line":7,"column":4},"end":{"line":7,"column":43}},"3":{"start":{"line":10,"column":4},"end":{"line":10,"column":51}},"4":{"start":{"line":14,"column":15},"end":{"line":14,"column":41}},"5":{"start":{"line":16,"column":0},"end":{"line":16,"column":24}}},"fnMap":{"0":{"name":"(anonymous_0)","decl":{"start":{"line":6,"column":15},"end":{"line":6,"column":16}},"loc":{"start":{"line":6,"column":40},"end":{"line":8,"column":3}},"line":6},"1":{"name":"(anonymous_1)","decl":{"start":{"line":9,"column":12},"end":{"line":9,"column":13}},"loc":{"start":{"line":9,"column":37},"end":{"line":11,"column":3}},"line":9}},"branchMap":{},"s":{"0":1,"1":1,"2":0,"3":0,"4":1,"5":1},"f":{"0":0,"1":0},"b":{},"_coverageSchema":"1a1c01bbd47fc00a2c39e90264f33305004495a9","hash":"8dd9cbc7ecfc3e5b1233697bf0682f5b1bed3fe8"}
,"C:\\Users\\hamid\\OneDrive\\Documents\\GitHub\\mr-goudarzi-amlak-1\\middlewares\\validatorMiddlewar.js": {"path":"C:\\Users\\hamid\\OneDrive\\Documents\\GitHub\\mr-goudarzi-amlak-1\\middlewares\\validatorMiddlewar.js","statementMap":{"0":{"start":{"line":1,"column":27},"end":{"line":14,"column":1}},"1":{"start":{"line":2,"column":2},"end":{"line":13,"column":4}},"2":{"start":{"line":3,"column":29},"end":{"line":3,"column":77}},"3":{"start":{"line":5,"column":4},"end":{"line":9,"column":5}},"4":{"start":{"line":6,"column":27},"end":{"line":6,"column":72}},"5":{"start":{"line":6,"column":57},"end":{"line":6,"column":71}},"6":{"start":{"line":7,"column":6},"end":{"line":7,"column":32}},"7":{"start":{"line":8,"column":6},"end":{"line":8,"column":61}},"8":{"start":{"line":11,"column":4},"end":{"line":11,"column":30}},"9":{"start":{"line":12,"column":4},"end":{"line":12,"column":11}},"10":{"start":{"line":16,"column":0},"end":{"line":16,"column":36}}},"fnMap":{"0":{"name":"(anonymous_0)","decl":{"start":{"line":1,"column":27},"end":{"line":1,"column":28}},"loc":{"start":{"line":1,"column":39},"end":{"line":14,"column":1}},"line":1},"1":{"name":"(anonymous_1)","decl":{"start":{"line":2,"column":9},"end":{"line":2,"column":10}},"loc":{"start":{"line":2,"column":29},"end":{"line":13,"column":3}},"line":2},"2":{"name":"(anonymous_2)","decl":{"start":{"line":6,"column":45},"end":{"line":6,"column":46}},"loc":{"start":{"line":6,"column":57},"end":{"line":6,"column":71}},"line":6}},"branchMap":{"0":{"loc":{"start":{"line":5,"column":4},"end":{"line":9,"column":5}},"type":"if","locations":[{"start":{"line":5,"column":4},"end":{"line":9,"column":5}},{"start":{},"end":{}}],"line":5}},"s":{"0":1,"1":2,"2":0,"3":0,"4":0,"5":0,"6":0,"7":0,"8":0,"9":0,"10":1},"f":{"0":2,"1":0,"2":0},"b":{"0":[0,0]},"_coverageSchema":"1a1c01bbd47fc00a2c39e90264f33305004495a9","hash":"a5a9f439746ed6856529bfa822ca8c004c3fbfb4"}
,"C:\\Users\\hamid\\OneDrive\\Documents\\GitHub\\mr-goudarzi-amlak-1\\models\\Property.js": {"path":"C:\\Users\\hamid\\OneDrive\\Documents\\GitHub\\mr-goudarzi-amlak-1\\models\\Property.js","statementMap":{"0":{"start":{"line":2,"column":17},"end":{"line":2,"column":36}},"1":{"start":{"line":5,"column":23},"end":{"line":64,"column":24}},"2":{"start":{"line":66,"column":0},"end":{"line":73,"column":3}},"3":{"start":{"line":68,"column":4},"end":{"line":68,"column":54}},"4":{"start":{"line":70,"column":4},"end":{"line":70,"column":30}},"5":{"start":{"line":71,"column":4},"end":{"line":71,"column":30}},"6":{"start":{"line":76,"column":0},"end":{"line":76,"column":60}}},"fnMap":{"0":{"name":"(anonymous_0)","decl":{"start":{"line":67,"column":13},"end":{"line":67,"column":14}},"loc":{"start":{"line":67,"column":43},"end":{"line":72,"column":3}},"line":67}},"branchMap":{},"s":{"0":1,"1":1,"2":1,"3":0,"4":0,"5":0,"6":1},"f":{"0":0},"b":{},"_coverageSchema":"1a1c01bbd47fc00a2c39e90264f33305004495a9","hash":"2d776a4562a069ec6a0b7a37097c5e0ce531424c"}
,"C:\\Users\\hamid\\OneDrive\\Documents\\GitHub\\mr-goudarzi-amlak-1\\models\\RentalProperty.js": {"path":"C:\\Users\\hamid\\OneDrive\\Documents\\GitHub\\mr-goudarzi-amlak-1\\models\\RentalProperty.js","statementMap":{"0":{"start":{"line":2,"column":17},"end":{"line":2,"column":36}},"1":{"start":{"line":3,"column":17},"end":{"line":3,"column":38}},"2":{"start":{"line":6,"column":29},"end":{"line":21,"column":24}},"3":{"start":{"line":23,"column":23},"end":{"line":23,"column":85}},"4":{"start":{"line":26,"column":0},"end":{"line":26,"column":32}}},"fnMap":{},"branchMap":{},"s":{"0":1,"1":1,"2":1,"3":1,"4":1},"f":{},"b":{},"_coverageSchema":"1a1c01bbd47fc00a2c39e90264f33305004495a9","hash":"75854f4138ed9877ed89d38e0e5930d8099dffe5"}
,"C:\\Users\\hamid\\OneDrive\\Documents\\GitHub\\mr-goudarzi-amlak-1\\models\\SellingProperty.js": {"path":"C:\\Users\\hamid\\OneDrive\\Documents\\GitHub\\mr-goudarzi-amlak-1\\models\\SellingProperty.js","statementMap":{"0":{"start":{"line":2,"column":17},"end":{"line":2,"column":36}},"1":{"start":{"line":3,"column":17},"end":{"line":3,"column":38}},"2":{"start":{"line":6,"column":30},"end":{"line":14,"column":1}},"3":{"start":{"line":16,"column":24},"end":{"line":19,"column":1}},"4":{"start":{"line":22,"column":0},"end":{"line":22,"column":33}}},"fnMap":{},"branchMap":{},"s":{"0":1,"1":1,"2":1,"3":1,"4":1},"f":{},"b":{},"_coverageSchema":"1a1c01bbd47fc00a2c39e90264f33305004495a9","hash":"8b58330ba9f8d46d1e55fed3ffe4ab188d11e79d"}
,"C:\\Users\\hamid\\OneDrive\\Documents\\GitHub\\mr-goudarzi-amlak-1\\models\\TokenBlackList.js": {"path":"C:\\Users\\hamid\\OneDrive\\Documents\\GitHub\\mr-goudarzi-amlak-1\\models\\TokenBlackList.js","statementMap":{"0":{"start":{"line":1,"column":17},"end":{"line":1,"column":36}},"1":{"start":{"line":3,"column":23},"end":{"line":8,"column":3}},"2":{"start":{"line":11,"column":0},"end":{"line":11,"column":65}}},"fnMap":{},"branchMap":{},"s":{"0":1,"1":1,"2":1},"f":{},"b":{},"_coverageSchema":"1a1c01bbd47fc00a2c39e90264f33305004495a9","hash":"6d56aabe405ea1fc8a2ee408e8df4421fb237079"}
,"C:\\Users\\hamid\\OneDrive\\Documents\\GitHub\\mr-goudarzi-amlak-1\\models\\User.js": {"path":"C:\\Users\\hamid\\OneDrive\\Documents\\GitHub\\mr-goudarzi-amlak-1\\models\\User.js","statementMap":{"0":{"start":{"line":1,"column":17},"end":{"line":1,"column":36}},"1":{"start":{"line":3,"column":19},"end":{"line":28,"column":1}},"2":{"start":{"line":30,"column":0},"end":{"line":38,"column":5}},"3":{"start":{"line":32,"column":6},"end":{"line":32,"column":56}},"4":{"start":{"line":34,"column":6},"end":{"line":34,"column":32}},"5":{"start":{"line":35,"column":6},"end":{"line":35,"column":32}},"6":{"start":{"line":36,"column":6},"end":{"line":36,"column":37}},"7":{"start":{"line":40,"column":0},"end":{"line":40,"column":52}}},"fnMap":{"0":{"name":"(anonymous_0)","decl":{"start":{"line":31,"column":15},"end":{"line":31,"column":16}},"loc":{"start":{"line":31,"column":45},"end":{"line":37,"column":5}},"line":31}},"branchMap":{},"s":{"0":1,"1":1,"2":1,"3":0,"4":0,"5":0,"6":0,"7":1},"f":{"0":0},"b":{},"_coverageSchema":"1a1c01bbd47fc00a2c39e90264f33305004495a9","hash":"dd63fb49e7d345c9cad786b5a46dad718f96a285"}
,"C:\\Users\\hamid\\OneDrive\\Documents\\GitHub\\mr-goudarzi-amlak-1\\routes\\authRouter.js": {"path":"C:\\Users\\hamid\\OneDrive\\Documents\\GitHub\\mr-goudarzi-amlak-1\\routes\\authRouter.js","statementMap":{"0":{"start":{"line":1,"column":16},"end":{"line":1,"column":34}},"1":{"start":{"line":2,"column":35},"end":{"line":2,"column":75}},"2":{"start":{"line":3,"column":27},"end":{"line":3,"column":71}},"3":{"start":{"line":4,"column":52},"end":{"line":4,"column":82}},"4":{"start":{"line":5,"column":21},"end":{"line":5,"column":61}},"5":{"start":{"line":6,"column":19},"end":{"line":6,"column":35}},"6":{"start":{"line":11,"column":0},"end":{"line":11,"column":77}},"7":{"start":{"line":12,"column":0},"end":{"line":12,"column":79}},"8":{"start":{"line":13,"column":0},"end":{"line":13,"column":48}},"9":{"start":{"line":16,"column":0},"end":{"line":16,"column":26}}},"fnMap":{},"branchMap":{},"s":{"0":1,"1":1,"2":1,"3":1,"4":1,"5":1,"6":1,"7":1,"8":1,"9":1},"f":{},"b":{},"_coverageSchema":"1a1c01bbd47fc00a2c39e90264f33305004495a9","hash":"8d9c2f93731df171c1e1c4b7606b095a4d8924e4"}
,"C:\\Users\\hamid\\OneDrive\\Documents\\GitHub\\mr-goudarzi-amlak-1\\routes\\indexRouter.js": {"path":"C:\\Users\\hamid\\OneDrive\\Documents\\GitHub\\mr-goudarzi-amlak-1\\routes\\indexRouter.js","statementMap":{"0":{"start":{"line":1,"column":16},"end":{"line":1,"column":34}},"1":{"start":{"line":2,"column":28},"end":{"line":2,"column":69}},"2":{"start":{"line":3,"column":20},"end":{"line":3,"column":36}},"3":{"start":{"line":4,"column":19},"end":{"line":4,"column":42}},"4":{"start":{"line":5,"column":23},"end":{"line":5,"column":50}},"5":{"start":{"line":6,"column":19},"end":{"line":6,"column":42}},"6":{"start":{"line":8,"column":0},"end":{"line":8,"column":36}},"7":{"start":{"line":9,"column":0},"end":{"line":9,"column":40}},"8":{"start":{"line":10,"column":0},"end":{"line":10,"column":36}},"9":{"start":{"line":11,"column":0},"end":{"line":11,"column":28}},"10":{"start":{"line":12,"column":0},"end":{"line":12,"column":31}},"11":{"start":{"line":13,"column":0},"end":{"line":13,"column":29}}},"fnMap":{},"branchMap":{},"s":{"0":1,"1":1,"2":1,"3":1,"4":1,"5":1,"6":1,"7":1,"8":1,"9":1,"10":1,"11":1},"f":{},"b":{},"_coverageSchema":"1a1c01bbd47fc00a2c39e90264f33305004495a9","hash":"e11c4dfe74064dc5f5be132e08095b2c18468b03"}
,"C:\\Users\\hamid\\OneDrive\\Documents\\GitHub\\mr-goudarzi-amlak-1\\routes\\propertyRouter.js": {"path":"C:\\Users\\hamid\\OneDrive\\Documents\\GitHub\\mr-goudarzi-amlak-1\\routes\\propertyRouter.js","statementMap":{"0":{"start":{"line":1,"column":16},"end":{"line":1,"column":34}},"1":{"start":{"line":2,"column":29},"end":{"line":2,"column":69}},"2":{"start":{"line":3,"column":45},"end":{"line":3,"column":89}},"3":{"start":{"line":4,"column":15},"end":{"line":4,"column":57}},"4":{"start":{"line":5,"column":24},"end":{"line":5,"column":65}},"5":{"start":{"line":6,"column":23},"end":{"line":6,"column":39}},"6":{"start":{"line":10,"column":0},"end":{"line":10,"column":51}},"7":{"start":{"line":11,"column":0},"end":{"line":11,"column":68}},"8":{"start":{"line":12,"column":0},"end":{"line":12,"column":96}},"9":{"start":{"line":17,"column":0},"end":{"line":17,"column":30}}},"fnMap":{},"branchMap":{},"s":{"0":1,"1":1,"2":1,"3":1,"4":1,"5":1,"6":1,"7":1,"8":1,"9":1},"f":{},"b":{},"_coverageSchema":"1a1c01bbd47fc00a2c39e90264f33305004495a9","hash":"5bc62708d5796f8eadc0f517cd6a86ceca78167a"}
,"C:\\Users\\hamid\\OneDrive\\Documents\\GitHub\\mr-goudarzi-amlak-1\\routes\\userRouter.js": {"path":"C:\\Users\\hamid\\OneDrive\\Documents\\GitHub\\mr-goudarzi-amlak-1\\routes\\userRouter.js","statementMap":{"0":{"start":{"line":1,"column":16},"end":{"line":1,"column":34}},"1":{"start":{"line":2,"column":29},"end":{"line":2,"column":69}},"2":{"start":{"line":5,"column":5},"end":{"line":5,"column":45}},"3":{"start":{"line":7,"column":19},"end":{"line":7,"column":35}},"4":{"start":{"line":11,"column":0},"end":{"line":11,"column":37}},"5":{"start":{"line":18,"column":0},"end":{"line":18,"column":26}}},"fnMap":{},"branchMap":{},"s":{"0":1,"1":1,"2":1,"3":1,"4":1,"5":1},"f":{},"b":{},"_coverageSchema":"1a1c01bbd47fc00a2c39e90264f33305004495a9","hash":"0ee7bd541a9905831d4616ffafb89f27e9c5d8bd"}
,"C:\\Users\\hamid\\OneDrive\\Documents\\GitHub\\mr-goudarzi-amlak-1\\utils\\functions\\uploadImage.js": {"path":"C:\\Users\\hamid\\OneDrive\\Documents\\GitHub\\mr-goudarzi-amlak-1\\utils\\functions\\uploadImage.js","statementMap":{"0":{"start":{"line":1,"column":20},"end":{"line":15,"column":3}},"1":{"start":{"line":2,"column":4},"end":{"line":14,"column":5}},"2":{"start":{"line":3,"column":23},"end":{"line":3,"column":26}},"3":{"start":{"line":4,"column":6},"end":{"line":6,"column":7}},"4":{"start":{"line":5,"column":8},"end":{"line":5,"column":68}},"5":{"start":{"line":8,"column":23},"end":{"line":8,"column":86}},"6":{"start":{"line":9,"column":7},"end":{"line":9,"column":32}},"7":{"start":{"line":10,"column":6},"end":{"line":10,"column":76}},"8":{"start":{"line":12,"column":6},"end":{"line":12,"column":27}},"9":{"start":{"line":13,"column":6},"end":{"line":13,"column":63}},"10":{"start":{"line":17,"column":2},"end":{"line":17,"column":35}}},"fnMap":{"0":{"name":"(anonymous_0)","decl":{"start":{"line":1,"column":20},"end":{"line":1,"column":21}},"loc":{"start":{"line":1,"column":40},"end":{"line":15,"column":3}},"line":1}},"branchMap":{"0":{"loc":{"start":{"line":4,"column":6},"end":{"line":6,"column":7}},"type":"if","locations":[{"start":{"line":4,"column":6},"end":{"line":6,"column":7}},{"start":{},"end":{}}],"line":4}},"s":{"0":1,"1":0,"2":0,"3":0,"4":0,"5":0,"6":0,"7":0,"8":0,"9":0,"10":1},"f":{"0":0},"b":{"0":[0,0]},"_coverageSchema":"1a1c01bbd47fc00a2c39e90264f33305004495a9","hash":"7a88ba3c0fed12f1ad5d1513baee758d90d80b46"}
,"C:\\Users\\hamid\\OneDrive\\Documents\\GitHub\\mr-goudarzi-amlak-1\\utils\\validation\\index.js": {"path":"C:\\Users\\hamid\\OneDrive\\Documents\\GitHub\\mr-goudarzi-amlak-1\\utils\\validation\\index.js","statementMap":{"0":{"start":{"line":1,"column":12},"end":{"line":1,"column":26}},"1":{"start":{"line":3,"column":27},"end":{"line":20,"column":2}},"2":{"start":{"line":21,"column":28},"end":{"line":24,"column":2}},"3":{"start":{"line":26,"column":28},"end":{"line":29,"column":2}},"4":{"start":{"line":31,"column":0},"end":{"line":35,"column":2}}},"fnMap":{},"branchMap":{},"s":{"0":1,"1":1,"2":1,"3":1,"4":1},"f":{},"b":{},"_coverageSchema":"1a1c01bbd47fc00a2c39e90264f33305004495a9","hash":"817bacf4039020fdcc37040c85bed3522f60d1d2"}
}
